2025-09-20 19:07:40,093 - machine_control - INFO - ALD Control System starting via CLI
2025-09-20 19:07:40,093 - machine_control - INFO - Effective Config -> PLC: simulation, IP: -, Port: -, Hostname: -, Auto-discover: false, LogLevel: INFO, LogFile: main_service.log
2025-09-20 19:07:40,295 - machine_control - INFO - Starting machine control application
2025-09-20 19:07:40,295 - machine_control - INFO - Attempting initial PLC connection...
2025-09-20 19:07:40,295 - machine_control - INFO - Initializing PLC of type simulation
2025-09-20 19:07:40,295 - machine_control - INFO - Creating simulation PLC
2025-09-20 19:07:40,295 - machine_control - INFO - Initializing simulation PLC
2025-09-20 19:07:40,295 - machine_control - INFO - Initializing Supabase client with URL: https://yceyfsqusdmcwgkwxcnt.supabase.co
2025-09-20 19:07:40,295 - machine_control - INFO - API Key (first 10 chars): eyJhbGciOi...
2025-09-20 19:07:40,345 - machine_control - INFO - Supabase client initialized successfully
2025-09-20 19:07:40,606 - machine_control - INFO - Simulation PLC initialized
2025-09-20 19:07:40,606 - machine_control - INFO - ✅ PLC connection initialized successfully
2025-09-20 19:07:40,606 - machine_control - INFO - Service starting with PLC connected: True
2025-09-20 19:07:40,606 - machine_control - INFO - Creating async Supabase client...
2025-09-20 19:07:40,606 - machine_control - INFO - Initializing async Supabase client with URL: https://yceyfsqusdmcwgkwxcnt.supabase.co
2025-09-20 19:07:40,606 - machine_control - INFO - API Key (first 10 chars): eyJhbGciOi...
2025-09-20 19:07:40,609 - machine_control - INFO - Async Supabase client initialized successfully
2025-09-20 19:07:40,609 - machine_control - INFO - Started 3 agents: connection-monitor, command-listener, parameter-control-listener
2025-09-20 19:07:40,609 - machine_control - INFO - Machine control application running
2025-09-20 19:07:40,609 - machine_control - INFO - ============================================================
2025-09-20 19:07:40,609 - machine_control - INFO - System Status:
2025-09-20 19:07:40,609 - machine_control - INFO - ❌ Disconnected
2025-09-20 19:07:40,609 - machine_control - INFO - ⚠️ Using Polling
2025-09-20 19:07:40,609 - machine_control - INFO -   - Machine ID: e3e6e280-0794-459f-84d5-5e468f60746e
2025-09-20 19:07:40,609 - machine_control - INFO - ============================================================
2025-09-20 19:07:40,609 - machine_control - INFO - Service is ready to receive commands
2025-09-20 19:07:40,609 - machine_control - INFO - [agent:connection-monitor] starting
2025-09-20 19:07:40,609 - machine_control - INFO - Starting connection monitor...
2025-09-20 19:07:40,609 - machine_control - INFO - Connection monitor started
2025-09-20 19:07:40,609 - machine_control - INFO - [agent:command-listener] starting
2025-09-20 19:07:40,609 - machine_control - INFO - Setting up command listener...
2025-09-20 19:07:40,609 - machine_control - INFO - Subscribing to INSERT events on recipe_commands table...
2025-09-20 19:07:40,612 - machine_control - INFO - [agent:parameter-control-listener] starting
2025-09-20 19:07:40,612 - machine_control - INFO - Setting up parameter control listener with realtime support...
2025-09-20 19:07:40,612 - machine_control - INFO - Setting up realtime subscriptions for parameter_control_commands table...
2025-09-20 19:07:40,612 - machine_control - INFO - Subscribing to realtime channel...
2025-09-20 19:07:40,612 - machine_control - INFO - ✅ PLC connection established
2025-09-20 19:07:41,349 - machine_control - INFO - Successfully subscribed to realtime channel: parameter-control-commands-e3e6e280-0794-459f-84d5-5e468f60746e
2025-09-20 19:07:41,349 - machine_control - INFO - Starting realtime connection monitor
2025-09-20 19:07:41,349 - machine_control - INFO - Checking for existing pending parameter control commands...
2025-09-20 19:07:41,349 - machine_control - INFO - Checking for existing pending parameter control commands...
2025-09-20 19:07:41,482 - machine_control - INFO - Started parameter control command polling as fallback mechanism
2025-09-20 19:07:41,482 - machine_control - INFO - ✅ Parameter control listener ready with REALTIME + polling fallback
2025-09-20 19:07:41,482 - machine_control - INFO - Starting parameter command polling (interval: 10s, realtime: True)
2025-09-20 19:07:41,483 - machine_control - INFO - Successfully subscribed to recipe_commands table
2025-09-20 19:07:41,483 - machine_control - INFO - Checking for existing pending commands...
2025-09-20 19:07:41,575 - machine_control - INFO - No pending commands found
2025-09-20 19:07:41,575 - machine_control - INFO - Checked for existing pending commands
2025-09-20 19:07:41,575 - machine_control - INFO - Starting command polling as a fallback mechanism
2025-09-20 19:07:41,575 - machine_control - INFO - Checking for existing pending commands...
2025-09-20 19:07:41,805 - machine_control - INFO - No pending commands found
2025-09-20 19:07:46,807 - machine_control - INFO - Checking for existing pending commands...
2025-09-20 19:07:47,044 - machine_control - INFO - No pending commands found
2025-09-20 19:07:52,046 - machine_control - INFO - Checking for existing pending commands...
2025-09-20 19:07:52,286 - machine_control - INFO - No pending commands found
2025-09-20 19:07:56,291 - machine_control - INFO - [Health Check] PLC: True, Realtime: True, Uptime: 16s
2025-09-20 19:07:57,286 - machine_control - INFO - Checking for existing pending commands...
2025-09-20 19:07:57,523 - machine_control - INFO - No pending commands found
2025-09-20 19:07:57,975 - machine_control - INFO - Received insert event: {'data': {'table': 'recipe_commands', 'type': 'INSERT', 'record': {'created_at': '2025-09-20T16:07:58.054681+00:00', 'error_message': None, 'executed_at': None, 'id': 'f63f2a34-6431-48eb-8263-c20a2509548b', 'machine_id': 'e3e6e280-0794-459f-84d5-5e468f60746e', 'parameters': {'operator_id': '8bc3b9f6-9aee-471b-b230-4f5baf6b27dd', 'recipe_id': 'b31987ad-f299-4b13-a43c-2c89767e6034'}, 'recipe_step_id': None, 'status': 'pending', 'type': 'start_recipe', 'updated_at': '2025-09-20T16:07:58.054681+00:00'}, 'columns': [{'name': 'type', 'type': 'varchar'}, {'name': 'parameters', 'type': 'jsonb'}, {'name': 'status', 'type': 'varchar'}, {'name': 'created_at', 'type': 'timestamptz'}, {'name': 'updated_at', 'type': 'timestamptz'}, {'name': 'executed_at', 'type': 'timestamptz'}, {'name': 'error_message', 'type': 'text'}, {'name': 'machine_id', 'type': 'uuid'}, {'name': 'recipe_step_id', 'type': 'uuid'}, {'name': 'id', 'type': 'uuid'}], 'errors': None, 'schema': 'public', 'commit_timestamp': '2025-09-20T16:07:58.057Z'}, 'ids': [47688524]}
2025-09-20 19:07:57,975 - machine_control - INFO - Received command payload
2025-09-20 19:07:57,975 - machine_control - INFO - New pending command: f63f2a34-6431-48eb-8263-c20a2509548b, type: start_recipe
2025-09-20 19:07:58,091 - machine_control - INFO - Command f63f2a34-6431-48eb-8263-c20a2509548b already claimed or status changed
2025-09-20 19:08:00,329 - machine_control - INFO - Received insert event: {'data': {'table': 'recipe_commands', 'type': 'INSERT', 'record': {'created_at': '2025-09-20T16:08:00.37904+00:00', 'error_message': None, 'executed_at': None, 'id': '2893adf6-3899-48ce-a8ee-33ba90f0444a', 'machine_id': 'e3e6e280-0794-459f-84d5-5e468f60746e', 'parameters': {'process_id': 'bda4982e-c132-417c-9083-783c976272c7'}, 'recipe_step_id': None, 'status': 'pending', 'type': 'stop_recipe', 'updated_at': '2025-09-20T16:08:00.37904+00:00'}, 'columns': [{'name': 'type', 'type': 'varchar'}, {'name': 'parameters', 'type': 'jsonb'}, {'name': 'status', 'type': 'varchar'}, {'name': 'created_at', 'type': 'timestamptz'}, {'name': 'updated_at', 'type': 'timestamptz'}, {'name': 'executed_at', 'type': 'timestamptz'}, {'name': 'error_message', 'type': 'text'}, {'name': 'machine_id', 'type': 'uuid'}, {'name': 'recipe_step_id', 'type': 'uuid'}, {'name': 'id', 'type': 'uuid'}], 'errors': None, 'schema': 'public', 'commit_timestamp': '2025-09-20T16:08:00.383Z'}, 'ids': [47688524]}
2025-09-20 19:08:00,330 - machine_control - INFO - Received command payload
2025-09-20 19:08:00,330 - machine_control - INFO - New pending command: 2893adf6-3899-48ce-a8ee-33ba90f0444a, type: stop_recipe
2025-09-20 19:08:00,456 - machine_control - INFO - Command 2893adf6-3899-48ce-a8ee-33ba90f0444a already claimed or status changed
2025-09-20 19:08:02,524 - machine_control - INFO - Checking for existing pending commands...
2025-09-20 19:08:02,634 - machine_control - INFO - No pending commands found
2025-09-20 19:08:07,636 - machine_control - INFO - Checking for existing pending commands...
2025-09-20 19:08:07,869 - machine_control - INFO - No pending commands found
2025-09-20 19:08:11,874 - machine_control - INFO - [Health Check] PLC: True, Realtime: True, Uptime: 31s
2025-09-20 19:08:12,871 - machine_control - INFO - Checking for existing pending commands...
2025-09-20 19:08:13,433 - machine_control - INFO - No pending commands found
2025-09-20 19:08:18,434 - machine_control - INFO - Checking for existing pending commands...
2025-09-20 19:08:19,017 - machine_control - INFO - No pending commands found
2025-09-20 19:08:24,018 - machine_control - INFO - Checking for existing pending commands...
2025-09-20 19:08:24,364 - machine_control - INFO - No pending commands found
2025-09-20 19:08:27,367 - machine_control - INFO - [Health Check] PLC: True, Realtime: True, Uptime: 47s
2025-09-20 19:08:29,366 - machine_control - INFO - Checking for existing pending commands...
2025-09-20 19:08:29,723 - machine_control - INFO - No pending commands found
2025-09-20 19:08:34,726 - machine_control - INFO - Checking for existing pending commands...
2025-09-20 19:08:34,966 - machine_control - INFO - No pending commands found
2025-09-20 19:08:39,967 - machine_control - INFO - Checking for existing pending commands...
2025-09-20 19:08:40,242 - machine_control - INFO - No pending commands found
2025-09-20 19:08:43,246 - machine_control - INFO - [Health Check] PLC: True, Realtime: True, Uptime: 63s
2025-09-20 19:08:45,243 - machine_control - INFO - Checking for existing pending commands...
2025-09-20 19:08:45,348 - machine_control - INFO - No pending commands found
2025-09-20 19:08:50,349 - machine_control - INFO - Checking for existing pending commands...
2025-09-20 19:08:50,584 - machine_control - INFO - No pending commands found
2025-09-20 19:08:55,586 - machine_control - INFO - Checking for existing pending commands...
2025-09-20 19:08:55,833 - machine_control - INFO - No pending commands found
2025-09-20 19:08:58,837 - machine_control - INFO - [Health Check] PLC: True, Realtime: True, Uptime: 78s
2025-09-20 19:09:00,834 - machine_control - INFO - Checking for existing pending commands...
2025-09-20 19:09:01,166 - machine_control - INFO - No pending commands found
2025-09-20 19:09:06,167 - machine_control - INFO - Checking for existing pending commands...
2025-09-20 19:09:06,381 - machine_control - INFO - No pending commands found
2025-09-20 19:09:11,382 - machine_control - INFO - Checking for existing pending commands...
2025-09-20 19:09:11,647 - machine_control - INFO - No pending commands found
2025-09-20 19:09:14,652 - machine_control - INFO - [Health Check] PLC: True, Realtime: True, Uptime: 94s
2025-09-20 19:09:16,649 - machine_control - INFO - Checking for existing pending commands...
2025-09-20 19:09:16,890 - machine_control - INFO - No pending commands found
2025-09-20 19:09:21,891 - machine_control - INFO - Checking for existing pending commands...
2025-09-20 19:09:22,111 - machine_control - INFO - No pending commands found
2025-09-20 19:09:27,113 - machine_control - INFO - Checking for existing pending commands...
2025-09-20 19:09:27,344 - machine_control - INFO - No pending commands found
2025-09-20 19:09:30,348 - machine_control - INFO - [Health Check] PLC: True, Realtime: True, Uptime: 110s
2025-09-20 19:09:32,345 - machine_control - INFO - Checking for existing pending commands...
2025-09-20 19:09:32,565 - machine_control - INFO - No pending commands found
2025-09-20 19:09:37,566 - machine_control - INFO - Checking for existing pending commands...
2025-09-20 19:09:37,846 - machine_control - INFO - No pending commands found
2025-09-20 19:09:42,847 - machine_control - INFO - Checking for existing pending commands...
2025-09-20 19:09:42,992 - machine_control - INFO - No pending commands found
2025-09-20 19:09:45,996 - machine_control - INFO - [Health Check] PLC: True, Realtime: True, Uptime: 125s
2025-09-20 19:09:47,993 - machine_control - INFO - Checking for existing pending commands...
2025-09-20 19:09:48,232 - machine_control - INFO - No pending commands found
2025-09-20 19:09:53,233 - machine_control - INFO - Checking for existing pending commands...
2025-09-20 19:09:53,672 - machine_control - INFO - No pending commands found
2025-09-20 19:09:58,673 - machine_control - INFO - Checking for existing pending commands...
2025-09-20 19:09:58,981 - machine_control - INFO - No pending commands found
2025-09-20 19:10:01,986 - machine_control - INFO - [Health Check] PLC: True, Realtime: True, Uptime: 141s
2025-09-20 19:10:03,983 - machine_control - INFO - Checking for existing pending commands...
2025-09-20 19:10:04,237 - machine_control - INFO - No pending commands found
2025-09-20 19:10:09,238 - machine_control - INFO - Checking for existing pending commands...
2025-09-20 19:10:09,496 - machine_control - INFO - No pending commands found
2025-09-20 19:10:14,498 - machine_control - INFO - Checking for existing pending commands...
2025-09-20 19:10:14,803 - machine_control - INFO - No pending commands found
2025-09-20 19:10:17,806 - machine_control - INFO - [Health Check] PLC: True, Realtime: True, Uptime: 157s
2025-09-20 19:10:19,804 - machine_control - INFO - Checking for existing pending commands...
2025-09-20 19:10:20,106 - machine_control - INFO - No pending commands found
2025-09-20 19:10:25,107 - machine_control - INFO - Checking for existing pending commands...
2025-09-20 19:10:25,359 - machine_control - INFO - No pending commands found
2025-09-20 19:10:30,360 - machine_control - INFO - Checking for existing pending commands...
2025-09-20 19:10:30,625 - machine_control - INFO - No pending commands found
2025-09-20 19:10:33,628 - machine_control - INFO - [Health Check] PLC: True, Realtime: True, Uptime: 173s
2025-09-20 19:10:35,625 - machine_control - INFO - Checking for existing pending commands...
2025-09-20 19:10:35,882 - machine_control - INFO - No pending commands found
2025-09-20 19:10:40,884 - machine_control - INFO - Checking for existing pending commands...
2025-09-20 19:10:41,120 - machine_control - INFO - No pending commands found
2025-09-20 19:10:46,122 - machine_control - INFO - Checking for existing pending commands...
2025-09-20 19:10:46,219 - machine_control - INFO - No pending commands found
2025-09-20 19:10:49,223 - machine_control - INFO - [Health Check] PLC: True, Realtime: True, Uptime: 189s
2025-09-20 19:10:51,221 - machine_control - INFO - Checking for existing pending commands...
2025-09-20 19:10:51,517 - machine_control - INFO - No pending commands found
2025-09-20 19:10:56,519 - machine_control - INFO - Checking for existing pending commands...
2025-09-20 19:10:56,913 - machine_control - INFO - No pending commands found
2025-09-20 19:11:01,914 - machine_control - INFO - Checking for existing pending commands...
2025-09-20 19:11:02,175 - machine_control - INFO - No pending commands found
2025-09-20 19:11:05,178 - machine_control - INFO - [Health Check] PLC: True, Realtime: True, Uptime: 205s
2025-09-20 19:11:07,176 - machine_control - INFO - Checking for existing pending commands...
2025-09-20 19:11:07,593 - machine_control - INFO - No pending commands found
2025-09-20 19:11:12,595 - machine_control - INFO - Checking for existing pending commands...
2025-09-20 19:11:12,876 - machine_control - INFO - No pending commands found
2025-09-20 19:11:17,878 - machine_control - INFO - Checking for existing pending commands...
2025-09-20 19:11:18,139 - machine_control - INFO - No pending commands found
2025-09-20 19:11:21,143 - machine_control - INFO - [Health Check] PLC: True, Realtime: True, Uptime: 221s
2025-09-20 19:11:23,140 - machine_control - INFO - Checking for existing pending commands...
2025-09-20 19:11:23,385 - machine_control - INFO - No pending commands found
2025-09-20 19:11:28,386 - machine_control - INFO - Checking for existing pending commands...
2025-09-20 19:11:28,638 - machine_control - INFO - No pending commands found
2025-09-20 19:11:33,639 - machine_control - INFO - Checking for existing pending commands...
2025-09-20 19:11:33,871 - machine_control - INFO - No pending commands found
2025-09-20 19:11:36,874 - machine_control - INFO - [Health Check] PLC: True, Realtime: True, Uptime: 236s
2025-09-20 19:11:38,872 - machine_control - INFO - Checking for existing pending commands...
2025-09-20 19:11:39,191 - machine_control - INFO - No pending commands found
2025-09-20 19:11:44,192 - machine_control - INFO - Checking for existing pending commands...
2025-09-20 19:11:44,303 - machine_control - INFO - No pending commands found
2025-09-20 19:11:49,304 - machine_control - INFO - Checking for existing pending commands...
2025-09-20 19:11:49,559 - machine_control - INFO - No pending commands found
2025-09-20 19:11:52,562 - machine_control - INFO - [Health Check] PLC: True, Realtime: True, Uptime: 252s
2025-09-20 19:11:54,560 - machine_control - INFO - Checking for existing pending commands...
2025-09-20 19:11:54,808 - machine_control - INFO - No pending commands found
2025-09-20 19:11:59,809 - machine_control - INFO - Checking for existing pending commands...
2025-09-20 19:12:00,017 - machine_control - INFO - No pending commands found
2025-09-20 19:12:05,019 - machine_control - INFO - Checking for existing pending commands...
2025-09-20 19:12:05,244 - machine_control - INFO - No pending commands found
2025-09-20 19:12:08,248 - machine_control - INFO - [Health Check] PLC: True, Realtime: True, Uptime: 268s
2025-09-20 19:12:10,246 - machine_control - INFO - Checking for existing pending commands...
2025-09-20 19:12:10,477 - machine_control - INFO - No pending commands found
2025-09-20 19:12:15,478 - machine_control - INFO - Checking for existing pending commands...
2025-09-20 19:12:15,878 - machine_control - INFO - No pending commands found
2025-09-20 19:12:20,878 - machine_control - INFO - Checking for existing pending commands...
2025-09-20 19:12:21,127 - machine_control - INFO - No pending commands found
2025-09-20 19:12:24,132 - machine_control - INFO - [Health Check] PLC: True, Realtime: True, Uptime: 284s
2025-09-20 19:12:26,129 - machine_control - INFO - Checking for existing pending commands...
2025-09-20 19:12:26,385 - machine_control - INFO - No pending commands found
2025-09-20 19:12:31,387 - machine_control - INFO - Checking for existing pending commands...
2025-09-20 19:12:31,633 - machine_control - INFO - No pending commands found
2025-09-20 19:12:36,635 - machine_control - INFO - Checking for existing pending commands...
2025-09-20 19:12:36,887 - machine_control - INFO - No pending commands found
2025-09-20 19:12:39,906 - machine_control - INFO - [Health Check] PLC: True, Realtime: True, Uptime: 299s
2025-09-20 19:12:42,126 - machine_control - INFO - Checking for existing pending commands...
2025-09-20 19:12:42,286 - machine_control - INFO - No pending commands found
2025-09-20 19:12:47,287 - machine_control - INFO - Checking for existing pending commands...
2025-09-20 19:12:47,533 - machine_control - INFO - No pending commands found
2025-09-20 19:12:52,533 - machine_control - INFO - Checking for existing pending commands...
2025-09-20 19:12:52,777 - machine_control - INFO - No pending commands found
2025-09-20 19:12:55,781 - machine_control - INFO - [Health Check] PLC: True, Realtime: True, Uptime: 315s
2025-09-20 19:12:57,778 - machine_control - INFO - Checking for existing pending commands...
2025-09-20 19:12:58,015 - machine_control - INFO - No pending commands found
2025-09-20 19:13:03,016 - machine_control - INFO - Checking for existing pending commands...
2025-09-20 19:13:03,240 - machine_control - INFO - No pending commands found
2025-09-20 19:13:08,242 - machine_control - INFO - Checking for existing pending commands...
2025-09-20 19:13:08,485 - machine_control - INFO - No pending commands found
2025-09-20 19:13:11,488 - machine_control - INFO - [Health Check] PLC: True, Realtime: True, Uptime: 331s
2025-09-20 19:13:13,486 - machine_control - INFO - Checking for existing pending commands...
2025-09-20 19:13:13,700 - machine_control - INFO - No pending commands found
2025-09-20 19:13:18,701 - machine_control - INFO - Checking for existing pending commands...
2025-09-20 19:13:18,937 - machine_control - INFO - No pending commands found
2025-09-20 19:13:23,938 - machine_control - INFO - Checking for existing pending commands...
2025-09-20 19:13:24,183 - machine_control - INFO - No pending commands found
2025-09-20 19:13:27,186 - machine_control - INFO - [Health Check] PLC: True, Realtime: True, Uptime: 347s
2025-09-20 19:13:29,184 - machine_control - INFO - Checking for existing pending commands...
2025-09-20 19:13:29,454 - machine_control - INFO - No pending commands found
2025-09-20 19:13:34,455 - machine_control - INFO - Checking for existing pending commands...
2025-09-20 19:13:34,781 - machine_control - INFO - No pending commands found
2025-09-20 19:13:39,782 - machine_control - INFO - Checking for existing pending commands...
2025-09-20 19:13:40,052 - machine_control - INFO - No pending commands found
2025-09-20 19:13:43,056 - machine_control - INFO - [Health Check] PLC: True, Realtime: True, Uptime: 363s
2025-09-20 19:13:45,054 - machine_control - INFO - Checking for existing pending commands...
2025-09-20 19:13:45,161 - machine_control - INFO - No pending commands found
2025-09-20 19:13:50,162 - machine_control - INFO - Checking for existing pending commands...
2025-09-20 19:13:50,427 - machine_control - INFO - No pending commands found
2025-09-20 19:13:55,428 - machine_control - INFO - Checking for existing pending commands...
2025-09-20 19:13:55,695 - machine_control - INFO - No pending commands found
2025-09-20 19:13:58,698 - machine_control - INFO - [Health Check] PLC: True, Realtime: True, Uptime: 378s
2025-09-20 19:14:00,696 - machine_control - INFO - Checking for existing pending commands...
2025-09-20 19:14:00,921 - machine_control - INFO - No pending commands found
2025-09-20 19:14:05,923 - machine_control - INFO - Checking for existing pending commands...
2025-09-20 19:14:06,302 - machine_control - INFO - No pending commands found
2025-09-20 19:14:11,303 - machine_control - INFO - Checking for existing pending commands...
2025-09-20 19:14:11,566 - machine_control - INFO - No pending commands found
2025-09-20 19:14:14,568 - machine_control - INFO - [Health Check] PLC: True, Realtime: True, Uptime: 394s
2025-09-20 19:14:16,567 - machine_control - INFO - Checking for existing pending commands...
2025-09-20 19:14:16,822 - machine_control - INFO - No pending commands found
2025-09-20 19:14:21,824 - machine_control - INFO - Checking for existing pending commands...
2025-09-20 19:14:22,058 - machine_control - INFO - No pending commands found
2025-09-20 19:14:27,060 - machine_control - INFO - Checking for existing pending commands...
2025-09-20 19:14:27,304 - machine_control - INFO - No pending commands found
2025-09-20 19:14:30,308 - machine_control - INFO - [Health Check] PLC: True, Realtime: True, Uptime: 410s
2025-09-20 19:14:32,306 - machine_control - INFO - Checking for existing pending commands...
2025-09-20 19:14:32,556 - machine_control - INFO - No pending commands found
2025-09-20 19:14:37,558 - machine_control - INFO - Checking for existing pending commands...
2025-09-20 19:14:37,836 - machine_control - INFO - No pending commands found
2025-09-20 19:14:42,838 - machine_control - INFO - Checking for existing pending commands...
2025-09-20 19:14:42,940 - machine_control - INFO - No pending commands found
2025-09-20 19:14:45,946 - machine_control - INFO - [Health Check] PLC: True, Realtime: True, Uptime: 425s
2025-09-20 19:14:47,942 - machine_control - INFO - Checking for existing pending commands...
2025-09-20 19:14:48,252 - machine_control - INFO - No pending commands found
2025-09-20 19:14:53,254 - machine_control - INFO - Checking for existing pending commands...
2025-09-20 19:14:53,497 - machine_control - INFO - No pending commands found
2025-09-20 19:14:58,499 - machine_control - INFO - Checking for existing pending commands...
2025-09-20 19:14:58,934 - machine_control - INFO - No pending commands found
2025-09-20 19:15:01,938 - machine_control - INFO - [Health Check] PLC: True, Realtime: True, Uptime: 441s
2025-09-20 19:15:03,938 - machine_control - INFO - Checking for existing pending commands...
2025-09-20 19:15:04,195 - machine_control - INFO - No pending commands found
2025-09-20 19:15:09,196 - machine_control - INFO - Checking for existing pending commands...
2025-09-20 19:15:09,553 - machine_control - INFO - No pending commands found
2025-09-20 19:15:14,554 - machine_control - INFO - Checking for existing pending commands...
2025-09-20 19:15:14,800 - machine_control - INFO - No pending commands found
2025-09-20 19:15:17,804 - machine_control - INFO - [Health Check] PLC: True, Realtime: True, Uptime: 457s
2025-09-20 19:15:19,805 - machine_control - INFO - Checking for existing pending commands...
2025-09-20 19:15:20,096 - machine_control - INFO - No pending commands found
2025-09-20 19:15:25,097 - machine_control - INFO - Checking for existing pending commands...
2025-09-20 19:15:25,355 - machine_control - INFO - No pending commands found
2025-09-20 19:15:30,356 - machine_control - INFO - Checking for existing pending commands...
2025-09-20 19:15:30,586 - machine_control - INFO - No pending commands found
2025-09-20 19:15:33,592 - machine_control - INFO - [Health Check] PLC: True, Realtime: True, Uptime: 473s
2025-09-20 19:15:35,588 - machine_control - INFO - Checking for existing pending commands...
2025-09-20 19:15:35,837 - machine_control - INFO - No pending commands found
2025-09-20 19:15:40,839 - machine_control - INFO - Checking for existing pending commands...
2025-09-20 19:15:41,076 - machine_control - INFO - No pending commands found
2025-09-20 19:15:46,078 - machine_control - INFO - Checking for existing pending commands...
2025-09-20 19:15:46,202 - machine_control - INFO - No pending commands found
2025-09-20 19:15:49,206 - machine_control - INFO - [Health Check] PLC: True, Realtime: True, Uptime: 489s
2025-09-20 19:15:51,204 - machine_control - INFO - Checking for existing pending commands...
2025-09-20 19:15:51,473 - machine_control - INFO - No pending commands found
2025-09-20 19:15:56,474 - machine_control - INFO - Checking for existing pending commands...
2025-09-20 19:15:56,711 - machine_control - INFO - No pending commands found
2025-09-20 19:16:01,712 - machine_control - INFO - Checking for existing pending commands...
2025-09-20 19:16:02,044 - machine_control - INFO - No pending commands found
2025-09-20 19:16:05,047 - machine_control - INFO - [Health Check] PLC: True, Realtime: True, Uptime: 504s
2025-09-20 19:16:07,046 - machine_control - INFO - Checking for existing pending commands...
2025-09-20 19:16:07,487 - machine_control - INFO - No pending commands found
2025-09-20 19:16:12,488 - machine_control - INFO - Checking for existing pending commands...
2025-09-20 19:16:12,882 - machine_control - INFO - No pending commands found
2025-09-20 19:16:17,882 - machine_control - INFO - Checking for existing pending commands...
2025-09-20 19:16:18,124 - machine_control - INFO - No pending commands found
2025-09-20 19:16:20,127 - machine_control - INFO - [Health Check] PLC: True, Realtime: True, Uptime: 520s
2025-09-20 19:16:23,125 - machine_control - INFO - Checking for existing pending commands...
2025-09-20 19:16:23,371 - machine_control - INFO - No pending commands found
2025-09-20 19:16:28,373 - machine_control - INFO - Checking for existing pending commands...
2025-09-20 19:16:28,611 - machine_control - INFO - No pending commands found
2025-09-20 19:16:33,613 - machine_control - INFO - Checking for existing pending commands...
2025-09-20 19:16:33,846 - machine_control - INFO - No pending commands found
2025-09-20 19:16:35,850 - machine_control - INFO - [Health Check] PLC: True, Realtime: True, Uptime: 535s
2025-09-20 19:16:38,848 - machine_control - INFO - Checking for existing pending commands...
2025-09-20 19:16:39,142 - machine_control - INFO - No pending commands found
2025-09-20 19:16:44,143 - machine_control - INFO - Checking for existing pending commands...
2025-09-20 19:16:44,281 - machine_control - INFO - No pending commands found
2025-09-20 19:16:49,283 - machine_control - INFO - Checking for existing pending commands...
2025-09-20 19:16:49,512 - machine_control - INFO - No pending commands found
2025-09-20 19:16:51,515 - machine_control - INFO - [Health Check] PLC: True, Realtime: True, Uptime: 551s
2025-09-20 19:16:54,513 - machine_control - INFO - Checking for existing pending commands...
2025-09-20 19:16:54,792 - machine_control - INFO - No pending commands found
2025-09-20 19:16:59,794 - machine_control - INFO - Checking for existing pending commands...
2025-09-20 19:17:00,017 - machine_control - INFO - No pending commands found
2025-09-20 19:17:05,018 - machine_control - INFO - Checking for existing pending commands...
2025-09-20 19:17:05,255 - machine_control - INFO - No pending commands found
2025-09-20 19:17:07,257 - machine_control - INFO - [Health Check] PLC: True, Realtime: True, Uptime: 567s
2025-09-20 19:17:10,256 - machine_control - INFO - Checking for existing pending commands...
2025-09-20 19:17:10,540 - machine_control - INFO - No pending commands found
2025-09-20 19:17:15,541 - machine_control - INFO - Checking for existing pending commands...
2025-09-20 19:17:15,766 - machine_control - INFO - No pending commands found
2025-09-20 19:17:20,768 - machine_control - INFO - Checking for existing pending commands...
2025-09-20 19:17:21,077 - machine_control - INFO - No pending commands found
2025-09-20 19:17:23,079 - machine_control - INFO - [Health Check] PLC: True, Realtime: True, Uptime: 583s
2025-09-20 19:17:26,079 - machine_control - INFO - Checking for existing pending commands...
2025-09-20 19:17:26,331 - machine_control - INFO - No pending commands found
2025-09-20 19:17:31,332 - machine_control - INFO - Checking for existing pending commands...
2025-09-20 19:17:31,762 - machine_control - INFO - No pending commands found
2025-09-20 19:17:36,764 - machine_control - INFO - Checking for existing pending commands...
2025-09-20 19:17:37,004 - machine_control - INFO - No pending commands found
2025-09-20 19:17:39,007 - machine_control - INFO - [Health Check] PLC: True, Realtime: True, Uptime: 598s
2025-09-20 19:17:42,005 - machine_control - INFO - Checking for existing pending commands...
2025-09-20 19:17:42,273 - machine_control - INFO - No pending commands found
2025-09-20 19:17:47,275 - machine_control - INFO - Checking for existing pending commands...
2025-09-20 19:17:47,429 - machine_control - INFO - No pending commands found
2025-09-20 19:17:52,431 - machine_control - INFO - Checking for existing pending commands...
2025-09-20 19:17:52,713 - machine_control - INFO - No pending commands found
2025-09-20 19:17:54,716 - machine_control - INFO - [Health Check] PLC: True, Realtime: True, Uptime: 614s
2025-09-20 19:17:57,714 - machine_control - INFO - Checking for existing pending commands...
2025-09-20 19:17:57,948 - machine_control - INFO - No pending commands found
2025-09-20 19:18:02,950 - machine_control - INFO - Checking for existing pending commands...
2025-09-20 19:18:03,222 - machine_control - INFO - No pending commands found
2025-09-20 19:18:08,223 - machine_control - INFO - Checking for existing pending commands...
2025-09-20 19:18:08,452 - machine_control - INFO - No pending commands found
2025-09-20 19:18:10,454 - machine_control - INFO - [Health Check] PLC: True, Realtime: True, Uptime: 630s
2025-09-20 19:18:13,453 - machine_control - INFO - Checking for existing pending commands...
2025-09-20 19:18:13,715 - machine_control - INFO - No pending commands found
2025-09-20 19:18:18,716 - machine_control - INFO - Checking for existing pending commands...
2025-09-20 19:18:18,976 - machine_control - INFO - No pending commands found
2025-09-20 19:18:23,977 - machine_control - INFO - Checking for existing pending commands...
2025-09-20 19:18:24,221 - machine_control - INFO - No pending commands found
2025-09-20 19:18:26,224 - machine_control - INFO - [Health Check] PLC: True, Realtime: True, Uptime: 646s
2025-09-20 19:18:29,223 - machine_control - INFO - Checking for existing pending commands...
2025-09-20 19:18:29,500 - machine_control - INFO - No pending commands found
2025-09-20 19:18:34,501 - machine_control - INFO - Checking for existing pending commands...
2025-09-20 19:18:34,873 - machine_control - INFO - No pending commands found
2025-09-20 19:18:39,875 - machine_control - INFO - Checking for existing pending commands...
2025-09-20 19:18:40,203 - machine_control - INFO - No pending commands found
2025-09-20 19:18:42,206 - machine_control - INFO - [Health Check] PLC: True, Realtime: True, Uptime: 662s
2025-09-20 19:18:45,205 - machine_control - INFO - Checking for existing pending commands...
2025-09-20 19:18:45,360 - machine_control - INFO - No pending commands found
2025-09-20 19:18:50,361 - machine_control - INFO - Checking for existing pending commands...
2025-09-20 19:18:50,733 - machine_control - INFO - No pending commands found
2025-09-20 19:18:55,734 - machine_control - INFO - Checking for existing pending commands...
2025-09-20 19:18:55,963 - machine_control - INFO - No pending commands found
2025-09-20 19:18:57,967 - machine_control - INFO - [Health Check] PLC: True, Realtime: True, Uptime: 677s
2025-09-20 19:19:00,967 - machine_control - INFO - Checking for existing pending commands...
2025-09-20 19:19:01,216 - machine_control - INFO - No pending commands found
2025-09-20 19:19:06,218 - machine_control - INFO - Checking for existing pending commands...
2025-09-20 19:19:06,481 - machine_control - INFO - No pending commands found
2025-09-20 19:19:11,483 - machine_control - INFO - Checking for existing pending commands...
2025-09-20 19:19:11,697 - machine_control - INFO - No pending commands found
2025-09-20 19:19:13,699 - machine_control - INFO - [Health Check] PLC: True, Realtime: True, Uptime: 693s
2025-09-20 19:19:16,698 - machine_control - INFO - Checking for existing pending commands...
2025-09-20 19:19:16,951 - machine_control - INFO - No pending commands found
2025-09-20 19:19:21,953 - machine_control - INFO - Checking for existing pending commands...
2025-09-20 19:19:22,199 - machine_control - INFO - No pending commands found
2025-09-20 19:19:27,200 - machine_control - INFO - Checking for existing pending commands...
2025-09-20 19:19:27,619 - machine_control - INFO - No pending commands found
2025-09-20 19:19:29,621 - machine_control - INFO - [Health Check] PLC: True, Realtime: True, Uptime: 709s
2025-09-20 19:19:32,620 - machine_control - INFO - Checking for existing pending commands...
2025-09-20 19:19:32,885 - machine_control - INFO - No pending commands found
2025-09-20 19:19:37,886 - machine_control - INFO - Checking for existing pending commands...
2025-09-20 19:19:38,181 - machine_control - INFO - No pending commands found
2025-09-20 19:19:43,182 - machine_control - INFO - Checking for existing pending commands...
2025-09-20 19:19:43,437 - machine_control - INFO - No pending commands found
2025-09-20 19:19:45,440 - machine_control - INFO - [Health Check] PLC: True, Realtime: True, Uptime: 725s
2025-09-20 19:19:48,439 - machine_control - INFO - Checking for existing pending commands...
2025-09-20 19:19:48,545 - machine_control - INFO - No pending commands found
2025-09-20 19:19:53,546 - machine_control - INFO - Checking for existing pending commands...
2025-09-20 19:19:53,851 - machine_control - INFO - No pending commands found
2025-09-20 19:19:58,852 - machine_control - INFO - Checking for existing pending commands...
2025-09-20 19:19:59,165 - machine_control - INFO - No pending commands found
2025-09-20 19:20:01,168 - machine_control - INFO - [Health Check] PLC: True, Realtime: True, Uptime: 741s
2025-09-20 19:20:04,167 - machine_control - INFO - Checking for existing pending commands...
2025-09-20 19:20:04,527 - machine_control - INFO - No pending commands found
2025-09-20 19:20:09,529 - machine_control - INFO - Checking for existing pending commands...
2025-09-20 19:20:09,763 - machine_control - INFO - No pending commands found
2025-09-20 19:20:14,763 - machine_control - INFO - Checking for existing pending commands...
2025-09-20 19:20:14,991 - machine_control - INFO - No pending commands found
2025-09-20 19:20:16,994 - machine_control - INFO - [Health Check] PLC: True, Realtime: True, Uptime: 756s
2025-09-20 19:20:19,992 - machine_control - INFO - Checking for existing pending commands...
2025-09-20 19:20:20,266 - machine_control - INFO - No pending commands found
2025-09-20 19:20:25,267 - machine_control - INFO - Checking for existing pending commands...
2025-09-20 19:20:25,540 - machine_control - INFO - No pending commands found
2025-09-20 19:20:30,541 - machine_control - INFO - Checking for existing pending commands...
2025-09-20 19:20:30,797 - machine_control - INFO - No pending commands found
2025-09-20 19:20:32,799 - machine_control - INFO - [Health Check] PLC: True, Realtime: True, Uptime: 772s
2025-09-20 19:20:35,798 - machine_control - INFO - Checking for existing pending commands...
2025-09-20 19:20:36,054 - machine_control - INFO - No pending commands found
2025-09-20 19:20:41,056 - machine_control - INFO - Checking for existing pending commands...
2025-09-20 19:20:41,377 - machine_control - INFO - No pending commands found
2025-09-20 19:20:46,378 - machine_control - INFO - Checking for existing pending commands...
2025-09-20 19:20:46,488 - machine_control - INFO - No pending commands found
2025-09-20 19:20:48,491 - machine_control - INFO - [Health Check] PLC: True, Realtime: True, Uptime: 788s
2025-09-20 19:20:51,490 - machine_control - INFO - Checking for existing pending commands...
2025-09-20 19:20:51,773 - machine_control - INFO - No pending commands found
2025-09-20 19:20:56,774 - machine_control - INFO - Checking for existing pending commands...
2025-09-20 19:20:57,039 - machine_control - INFO - No pending commands found
2025-09-20 19:21:02,040 - machine_control - INFO - Checking for existing pending commands...
2025-09-20 19:21:02,283 - machine_control - INFO - No pending commands found
2025-09-20 19:21:04,286 - machine_control - INFO - [Health Check] PLC: True, Realtime: True, Uptime: 804s
2025-09-20 19:21:07,284 - machine_control - INFO - Checking for existing pending commands...
2025-09-20 19:21:07,689 - machine_control - INFO - No pending commands found
2025-09-20 19:21:12,690 - machine_control - INFO - Checking for existing pending commands...
2025-09-20 19:21:13,000 - machine_control - INFO - No pending commands found
2025-09-20 19:21:18,002 - machine_control - INFO - Checking for existing pending commands...
2025-09-20 19:21:18,283 - machine_control - INFO - No pending commands found
2025-09-20 19:21:20,286 - machine_control - INFO - [Health Check] PLC: True, Realtime: True, Uptime: 820s
2025-09-20 19:21:23,284 - machine_control - INFO - Checking for existing pending commands...
2025-09-20 19:21:23,531 - machine_control - INFO - No pending commands found
2025-09-20 19:21:28,532 - machine_control - INFO - Checking for existing pending commands...
2025-09-20 19:21:28,835 - machine_control - INFO - No pending commands found
2025-09-20 19:21:33,836 - machine_control - INFO - Checking for existing pending commands...
2025-09-20 19:21:34,083 - machine_control - INFO - No pending commands found
2025-09-20 19:21:36,086 - machine_control - INFO - [Health Check] PLC: True, Realtime: True, Uptime: 836s
2025-09-20 19:21:39,084 - machine_control - INFO - Checking for existing pending commands...
2025-09-20 19:21:39,343 - machine_control - INFO - No pending commands found
2025-09-20 19:21:44,344 - machine_control - INFO - Checking for existing pending commands...
2025-09-20 19:21:44,439 - machine_control - INFO - No pending commands found
2025-09-20 19:21:49,440 - machine_control - INFO - Checking for existing pending commands...
2025-09-20 19:21:49,674 - machine_control - INFO - No pending commands found
2025-09-20 19:21:51,733 - machine_control - INFO - [Health Check] PLC: True, Realtime: True, Uptime: 851s
2025-09-20 19:21:54,732 - machine_control - INFO - Checking for existing pending commands...
2025-09-20 19:21:54,954 - machine_control - INFO - No pending commands found
2025-09-20 19:21:59,956 - machine_control - INFO - Checking for existing pending commands...
2025-09-20 19:22:00,198 - machine_control - INFO - No pending commands found
2025-09-20 19:22:05,199 - machine_control - INFO - Checking for existing pending commands...
2025-09-20 19:22:05,441 - machine_control - INFO - No pending commands found
2025-09-20 19:22:07,443 - machine_control - INFO - [Health Check] PLC: True, Realtime: True, Uptime: 867s
2025-09-20 19:22:10,442 - machine_control - INFO - Checking for existing pending commands...
2025-09-20 19:22:10,670 - machine_control - INFO - No pending commands found
2025-09-20 19:22:15,671 - machine_control - INFO - Checking for existing pending commands...
2025-09-20 19:22:15,925 - machine_control - INFO - No pending commands found
2025-09-20 19:22:20,926 - machine_control - INFO - Checking for existing pending commands...
2025-09-20 19:22:21,231 - machine_control - INFO - No pending commands found
2025-09-20 19:22:23,234 - machine_control - INFO - [Health Check] PLC: True, Realtime: True, Uptime: 883s
2025-09-20 19:22:26,232 - machine_control - INFO - Checking for existing pending commands...
2025-09-20 19:22:26,532 - machine_control - INFO - No pending commands found
2025-09-20 19:22:31,533 - machine_control - INFO - Checking for existing pending commands...
2025-09-20 19:22:31,777 - machine_control - INFO - No pending commands found
2025-09-20 19:22:36,778 - machine_control - INFO - Checking for existing pending commands...
2025-09-20 19:22:37,216 - machine_control - INFO - No pending commands found
2025-09-20 19:22:39,219 - machine_control - INFO - [Health Check] PLC: True, Realtime: True, Uptime: 899s
2025-09-20 19:22:42,217 - machine_control - INFO - Checking for existing pending commands...
2025-09-20 19:22:42,561 - machine_control - INFO - No pending commands found
2025-09-20 19:22:47,563 - machine_control - INFO - Checking for existing pending commands...
2025-09-20 19:22:47,650 - machine_control - INFO - No pending commands found
2025-09-20 19:22:52,652 - machine_control - INFO - Checking for existing pending commands...
2025-09-20 19:22:52,926 - machine_control - INFO - No pending commands found
2025-09-20 19:22:54,928 - machine_control - INFO - [Health Check] PLC: True, Realtime: True, Uptime: 914s
2025-09-20 19:22:57,927 - machine_control - INFO - Checking for existing pending commands...
2025-09-20 19:22:58,184 - machine_control - INFO - No pending commands found
2025-09-20 19:23:03,189 - machine_control - INFO - Checking for existing pending commands...
2025-09-20 19:23:03,513 - machine_control - INFO - No pending commands found
2025-09-20 19:23:08,514 - machine_control - INFO - Checking for existing pending commands...
2025-09-20 19:23:08,768 - machine_control - INFO - No pending commands found
2025-09-20 19:23:10,771 - machine_control - INFO - [Health Check] PLC: True, Realtime: True, Uptime: 930s
2025-09-20 19:23:13,769 - machine_control - INFO - Checking for existing pending commands...
2025-09-20 19:23:14,012 - machine_control - INFO - No pending commands found
2025-09-20 19:23:19,013 - machine_control - INFO - Checking for existing pending commands...
2025-09-20 19:23:19,263 - machine_control - INFO - No pending commands found
2025-09-20 19:23:24,264 - machine_control - INFO - Checking for existing pending commands...
2025-09-20 19:23:24,523 - machine_control - INFO - No pending commands found
2025-09-20 19:23:26,525 - machine_control - INFO - [Health Check] PLC: True, Realtime: True, Uptime: 946s
2025-09-20 19:23:29,524 - machine_control - INFO - Checking for existing pending commands...
2025-09-20 19:23:29,749 - machine_control - INFO - No pending commands found
2025-09-20 19:23:34,751 - machine_control - INFO - Checking for existing pending commands...
2025-09-20 19:23:35,010 - machine_control - INFO - No pending commands found
2025-09-20 19:23:40,010 - machine_control - INFO - Checking for existing pending commands...
2025-09-20 19:23:40,352 - machine_control - INFO - No pending commands found
2025-09-20 19:23:42,357 - machine_control - INFO - [Health Check] PLC: True, Realtime: True, Uptime: 962s
2025-09-20 19:23:45,353 - machine_control - INFO - Checking for existing pending commands...
2025-09-20 19:23:45,461 - machine_control - INFO - No pending commands found
2025-09-20 19:23:50,462 - machine_control - INFO - Checking for existing pending commands...
2025-09-20 19:23:50,768 - machine_control - INFO - No pending commands found
2025-09-20 19:23:55,769 - machine_control - INFO - Checking for existing pending commands...
2025-09-20 19:23:56,037 - machine_control - INFO - No pending commands found
2025-09-20 19:23:58,042 - machine_control - INFO - [Health Check] PLC: True, Realtime: True, Uptime: 977s
2025-09-20 19:24:01,038 - machine_control - INFO - Checking for existing pending commands...
2025-09-20 19:24:01,358 - machine_control - INFO - No pending commands found
2025-09-20 19:24:06,359 - machine_control - INFO - Checking for existing pending commands...
2025-09-20 19:24:06,728 - machine_control - INFO - No pending commands found
2025-09-20 19:24:11,730 - machine_control - INFO - Checking for existing pending commands...
2025-09-20 19:24:11,991 - machine_control - INFO - No pending commands found
2025-09-20 19:24:13,994 - machine_control - INFO - [Health Check] PLC: True, Realtime: True, Uptime: 993s
2025-09-20 19:24:16,992 - machine_control - INFO - Checking for existing pending commands...
2025-09-20 19:24:17,253 - machine_control - INFO - No pending commands found
2025-09-20 19:24:22,255 - machine_control - INFO - Checking for existing pending commands...
2025-09-20 19:24:22,500 - machine_control - INFO - No pending commands found
2025-09-20 19:24:27,501 - machine_control - INFO - Checking for existing pending commands...
2025-09-20 19:24:27,766 - machine_control - INFO - No pending commands found
2025-09-20 19:24:29,769 - machine_control - INFO - [Health Check] PLC: True, Realtime: True, Uptime: 1009s
2025-09-20 19:24:32,768 - machine_control - INFO - Checking for existing pending commands...
2025-09-20 19:24:32,994 - machine_control - INFO - No pending commands found
2025-09-20 19:24:37,995 - machine_control - INFO - Checking for existing pending commands...
2025-09-20 19:24:38,297 - machine_control - INFO - No pending commands found
2025-09-20 19:24:43,298 - machine_control - INFO - Checking for existing pending commands...
2025-09-20 19:24:43,538 - machine_control - INFO - No pending commands found
2025-09-20 19:24:45,540 - machine_control - INFO - [Health Check] PLC: True, Realtime: True, Uptime: 1025s
2025-09-20 19:24:48,539 - machine_control - INFO - Checking for existing pending commands...
2025-09-20 19:24:48,648 - machine_control - INFO - No pending commands found
2025-09-20 19:24:53,649 - machine_control - INFO - Checking for existing pending commands...
2025-09-20 19:24:53,909 - machine_control - INFO - No pending commands found
2025-09-20 19:24:58,911 - machine_control - INFO - Checking for existing pending commands...
2025-09-20 19:24:59,282 - machine_control - INFO - No pending commands found
2025-09-20 19:25:01,284 - machine_control - INFO - [Health Check] PLC: True, Realtime: True, Uptime: 1041s
2025-09-20 19:25:04,283 - machine_control - INFO - Checking for existing pending commands...
2025-09-20 19:25:04,578 - machine_control - INFO - No pending commands found
2025-09-20 19:25:09,580 - machine_control - INFO - Checking for existing pending commands...
2025-09-20 19:25:09,979 - machine_control - INFO - No pending commands found
2025-09-20 19:25:14,979 - machine_control - INFO - Checking for existing pending commands...
2025-09-20 19:25:15,202 - machine_control - INFO - No pending commands found
2025-09-20 19:25:17,205 - machine_control - INFO - [Health Check] PLC: True, Realtime: True, Uptime: 1057s
2025-09-20 19:25:20,204 - machine_control - INFO - Checking for existing pending commands...
2025-09-20 19:25:20,449 - machine_control - INFO - No pending commands found
2025-09-20 19:25:25,451 - machine_control - INFO - Checking for existing pending commands...
2025-09-20 19:25:25,665 - machine_control - INFO - No pending commands found
2025-09-20 19:25:30,665 - machine_control - INFO - Checking for existing pending commands...
2025-09-20 19:25:30,897 - machine_control - INFO - No pending commands found
2025-09-20 19:25:32,899 - machine_control - INFO - [Health Check] PLC: True, Realtime: True, Uptime: 1072s
2025-09-20 19:25:35,898 - machine_control - INFO - Checking for existing pending commands...
2025-09-20 19:25:36,168 - machine_control - INFO - No pending commands found
2025-09-20 19:25:41,169 - machine_control - INFO - Checking for existing pending commands...
2025-09-20 19:25:41,395 - machine_control - INFO - No pending commands found
2025-09-20 19:25:46,396 - machine_control - INFO - Checking for existing pending commands...
2025-09-20 19:25:46,495 - machine_control - INFO - No pending commands found
2025-09-20 19:25:48,498 - machine_control - INFO - [Health Check] PLC: True, Realtime: True, Uptime: 1088s
2025-09-20 19:25:51,496 - machine_control - INFO - Checking for existing pending commands...
2025-09-20 19:25:51,729 - machine_control - INFO - No pending commands found
2025-09-20 19:25:56,730 - machine_control - INFO - Checking for existing pending commands...
2025-09-20 19:25:57,136 - machine_control - INFO - No pending commands found
2025-09-20 19:26:02,137 - machine_control - INFO - Checking for existing pending commands...
2025-09-20 19:26:02,940 - machine_control - INFO - No pending commands found
2025-09-20 19:26:03,941 - machine_control - INFO - [Health Check] PLC: True, Realtime: True, Uptime: 1103s
2025-09-20 19:26:07,941 - machine_control - INFO - Checking for existing pending commands...
2025-09-20 19:26:08,528 - machine_control - INFO - No pending commands found
2025-09-20 19:26:13,529 - machine_control - INFO - Checking for existing pending commands...
2025-09-20 19:26:14,539 - machine_control - INFO - No pending commands found
2025-09-20 19:26:19,540 - machine_control - INFO - Checking for existing pending commands...
2025-09-20 19:26:20,235 - machine_control - INFO - No pending commands found
2025-09-20 19:26:20,236 - machine_control - INFO - [Health Check] PLC: True, Realtime: True, Uptime: 1120s
2025-09-20 19:26:25,237 - machine_control - INFO - Checking for existing pending commands...
2025-09-20 19:26:25,889 - machine_control - INFO - No pending commands found
2025-09-20 19:26:27,617 - machine_control - INFO - Received insert event: {'data': {'table': 'recipe_commands', 'type': 'INSERT', 'record': {'created_at': '2025-09-20T16:26:27.589434+00:00', 'error_message': None, 'executed_at': None, 'id': '7c408800-0ad1-4bca-a6fc-322c525c8c5e', 'machine_id': 'e3e6e280-0794-459f-84d5-5e468f60746e', 'parameters': {'operator_id': '00000000-0000-0000-0000-000000000001', 'recipe_id': 'c308fd95-a0e5-4783-8422-ac2256f8617c'}, 'recipe_step_id': None, 'status': 'pending', 'type': 'start_recipe', 'updated_at': '2025-09-20T16:26:27.589434+00:00'}, 'columns': [{'name': 'type', 'type': 'varchar'}, {'name': 'parameters', 'type': 'jsonb'}, {'name': 'status', 'type': 'varchar'}, {'name': 'created_at', 'type': 'timestamptz'}, {'name': 'updated_at', 'type': 'timestamptz'}, {'name': 'executed_at', 'type': 'timestamptz'}, {'name': 'error_message', 'type': 'text'}, {'name': 'machine_id', 'type': 'uuid'}, {'name': 'recipe_step_id', 'type': 'uuid'}, {'name': 'id', 'type': 'uuid'}], 'errors': None, 'schema': 'public', 'commit_timestamp': '2025-09-20T16:26:27.596Z'}, 'ids': [47688524]}
2025-09-20 19:26:27,617 - machine_control - INFO - Received command payload
2025-09-20 19:26:27,617 - machine_control - INFO - New pending command: 7c408800-0ad1-4bca-a6fc-322c525c8c5e, type: start_recipe
2025-09-20 19:26:27,794 - machine_control - INFO - Command 7c408800-0ad1-4bca-a6fc-322c525c8c5e already claimed or status changed
2025-09-20 19:26:30,890 - machine_control - INFO - Checking for existing pending commands...
2025-09-20 19:26:31,099 - machine_control - INFO - No pending commands found
2025-09-20 19:26:36,100 - machine_control - INFO - Checking for existing pending commands...
2025-09-20 19:26:36,745 - machine_control - INFO - No pending commands found
2025-09-20 19:26:36,745 - machine_control - INFO - [Health Check] PLC: True, Realtime: True, Uptime: 1136s
2025-09-20 19:26:41,746 - machine_control - INFO - Checking for existing pending commands...
2025-09-20 19:26:42,237 - machine_control - INFO - No pending commands found
2025-09-20 19:26:47,241 - machine_control - INFO - Checking for existing pending commands...
2025-09-20 19:26:47,533 - machine_control - INFO - No pending commands found
2025-09-20 19:26:52,534 - machine_control - INFO - Checking for existing pending commands...
2025-09-20 19:26:52,769 - machine_control - INFO - No pending commands found
2025-09-20 19:26:52,769 - machine_control - INFO - [Health Check] PLC: True, Realtime: True, Uptime: 1152s
2025-09-20 19:26:57,770 - machine_control - INFO - Checking for existing pending commands...
2025-09-20 19:26:58,006 - machine_control - INFO - No pending commands found
2025-09-20 19:27:03,007 - machine_control - INFO - Checking for existing pending commands...
2025-09-20 19:27:03,259 - machine_control - INFO - No pending commands found
2025-09-20 19:27:08,260 - machine_control - INFO - Checking for existing pending commands...
2025-09-20 19:27:08,538 - machine_control - INFO - No pending commands found
2025-09-20 19:27:08,538 - machine_control - INFO - [Health Check] PLC: True, Realtime: True, Uptime: 1168s
2025-09-20 19:27:13,539 - machine_control - INFO - Checking for existing pending commands...
2025-09-20 19:27:13,779 - machine_control - INFO - No pending commands found
2025-09-20 19:27:18,780 - machine_control - INFO - Checking for existing pending commands...
2025-09-20 19:27:19,018 - machine_control - INFO - No pending commands found
2025-09-20 19:27:24,020 - machine_control - INFO - Checking for existing pending commands...
2025-09-20 19:27:24,289 - machine_control - INFO - No pending commands found
2025-09-20 19:27:24,290 - machine_control - INFO - [Health Check] PLC: True, Realtime: True, Uptime: 1184s
2025-09-20 19:27:29,290 - machine_control - INFO - Checking for existing pending commands...
2025-09-20 19:27:29,619 - machine_control - INFO - No pending commands found
2025-09-20 19:27:31,240 - machine_control - INFO - Received insert event: {'data': {'table': 'recipe_commands', 'type': 'INSERT', 'record': {'created_at': '2025-09-20T16:27:31.116062+00:00', 'error_message': None, 'executed_at': None, 'id': 'a26e4a35-4913-4526-a9f7-bd170c6d0408', 'machine_id': 'e3e6e280-0794-459f-84d5-5e468f60746e', 'parameters': {'operator_id': 'c1bb5d15-cad7-4914-9169-644c98021108', 'recipe_id': 'c308fd95-a0e5-4783-8422-ac2256f8617c'}, 'recipe_step_id': None, 'status': 'pending', 'type': 'start_recipe', 'updated_at': '2025-09-20T16:27:31.116062+00:00'}, 'columns': [{'name': 'type', 'type': 'varchar'}, {'name': 'parameters', 'type': 'jsonb'}, {'name': 'status', 'type': 'varchar'}, {'name': 'created_at', 'type': 'timestamptz'}, {'name': 'updated_at', 'type': 'timestamptz'}, {'name': 'executed_at', 'type': 'timestamptz'}, {'name': 'error_message', 'type': 'text'}, {'name': 'machine_id', 'type': 'uuid'}, {'name': 'recipe_step_id', 'type': 'uuid'}, {'name': 'id', 'type': 'uuid'}], 'errors': None, 'schema': 'public', 'commit_timestamp': '2025-09-20T16:27:31.118Z'}, 'ids': [47688524]}
2025-09-20 19:27:31,241 - machine_control - INFO - Received command payload
2025-09-20 19:27:31,241 - machine_control - INFO - New pending command: a26e4a35-4913-4526-a9f7-bd170c6d0408, type: start_recipe
2025-09-20 19:27:31,408 - machine_control - INFO - Command a26e4a35-4913-4526-a9f7-bd170c6d0408 already claimed or status changed
2025-09-20 19:27:34,621 - machine_control - INFO - Checking for existing pending commands...
2025-09-20 19:27:34,747 - machine_control - INFO - No pending commands found
2025-09-20 19:27:39,749 - machine_control - INFO - Checking for existing pending commands...
2025-09-20 19:27:40,112 - machine_control - INFO - No pending commands found
2025-09-20 19:27:40,112 - machine_control - INFO - [Health Check] PLC: True, Realtime: True, Uptime: 1200s
2025-09-20 19:27:45,113 - machine_control - INFO - Checking for existing pending commands...
2025-09-20 19:27:45,375 - machine_control - INFO - No pending commands found
2025-09-20 19:27:50,376 - machine_control - INFO - Checking for existing pending commands...
2025-09-20 19:27:50,468 - machine_control - INFO - No pending commands found
2025-09-20 19:27:55,469 - machine_control - INFO - Checking for existing pending commands...
2025-09-20 19:27:55,688 - machine_control - INFO - No pending commands found
2025-09-20 19:27:55,688 - machine_control - INFO - [Health Check] PLC: True, Realtime: True, Uptime: 1215s
2025-09-20 19:28:00,689 - machine_control - INFO - Checking for existing pending commands...
2025-09-20 19:28:00,933 - machine_control - INFO - No pending commands found
2025-09-20 19:28:05,935 - machine_control - INFO - Checking for existing pending commands...
2025-09-20 19:28:06,168 - machine_control - INFO - No pending commands found
2025-09-20 19:28:11,170 - machine_control - INFO - Checking for existing pending commands...
2025-09-20 19:28:11,408 - machine_control - INFO - No pending commands found
2025-09-20 19:28:11,409 - machine_control - INFO - [Health Check] PLC: True, Realtime: True, Uptime: 1231s
2025-09-20 19:28:16,410 - machine_control - INFO - Checking for existing pending commands...
2025-09-20 19:28:16,650 - machine_control - INFO - No pending commands found
2025-09-20 19:28:20,537 - machine_control - INFO - Received insert event: {'data': {'table': 'recipe_commands', 'type': 'INSERT', 'record': {'created_at': '2025-09-20T16:28:20.525988+00:00', 'error_message': None, 'executed_at': None, 'id': '31e8fbfc-9318-41a0-911e-747840c87666', 'machine_id': 'e3e6e280-0794-459f-84d5-5e468f60746e', 'parameters': {'operator_id': '548a30d5-fa58-4e39-83dd-a25aff88b09f', 'recipe_id': 'c308fd95-a0e5-4783-8422-ac2256f8617c'}, 'recipe_step_id': None, 'status': 'pending', 'type': 'start_recipe', 'updated_at': '2025-09-20T16:28:20.525988+00:00'}, 'columns': [{'name': 'type', 'type': 'varchar'}, {'name': 'parameters', 'type': 'jsonb'}, {'name': 'status', 'type': 'varchar'}, {'name': 'created_at', 'type': 'timestamptz'}, {'name': 'updated_at', 'type': 'timestamptz'}, {'name': 'executed_at', 'type': 'timestamptz'}, {'name': 'error_message', 'type': 'text'}, {'name': 'machine_id', 'type': 'uuid'}, {'name': 'recipe_step_id', 'type': 'uuid'}, {'name': 'id', 'type': 'uuid'}], 'errors': None, 'schema': 'public', 'commit_timestamp': '2025-09-20T16:28:20.528Z'}, 'ids': [47688524]}
2025-09-20 19:28:20,537 - machine_control - INFO - Received command payload
2025-09-20 19:28:20,537 - machine_control - INFO - New pending command: 31e8fbfc-9318-41a0-911e-747840c87666, type: start_recipe
2025-09-20 19:28:20,662 - machine_control - INFO - Command 31e8fbfc-9318-41a0-911e-747840c87666 already claimed or status changed
2025-09-20 19:28:21,652 - machine_control - INFO - Checking for existing pending commands...
2025-09-20 19:28:21,750 - machine_control - INFO - No pending commands found
2025-09-20 19:28:26,751 - machine_control - INFO - Checking for existing pending commands...
2025-09-20 19:28:27,008 - machine_control - INFO - No pending commands found
2025-09-20 19:28:27,009 - machine_control - INFO - [Health Check] PLC: True, Realtime: True, Uptime: 1246s
2025-09-20 19:28:32,010 - machine_control - INFO - Checking for existing pending commands...
2025-09-20 19:28:32,243 - machine_control - INFO - No pending commands found
2025-09-20 19:28:36,545 - machine_control - INFO - Received insert event: {'data': {'table': 'recipe_commands', 'type': 'INSERT', 'record': {'created_at': '2025-09-20T16:28:36.632946+00:00', 'error_message': None, 'executed_at': None, 'id': '10bea39d-2759-483e-8456-7ce7069450c4', 'machine_id': 'e3e6e280-0794-459f-84d5-5e468f60746e', 'parameters': {'parameter_id': 'edb25c4b-0ef5-44ab-8db0-68526788c2f3', 'value': 50.0}, 'recipe_step_id': None, 'status': 'pending', 'type': 'set_parameter', 'updated_at': '2025-09-20T16:28:36.632946+00:00'}, 'columns': [{'name': 'type', 'type': 'varchar'}, {'name': 'parameters', 'type': 'jsonb'}, {'name': 'status', 'type': 'varchar'}, {'name': 'created_at', 'type': 'timestamptz'}, {'name': 'updated_at', 'type': 'timestamptz'}, {'name': 'executed_at', 'type': 'timestamptz'}, {'name': 'error_message', 'type': 'text'}, {'name': 'machine_id', 'type': 'uuid'}, {'name': 'recipe_step_id', 'type': 'uuid'}, {'name': 'id', 'type': 'uuid'}], 'errors': None, 'schema': 'public', 'commit_timestamp': '2025-09-20T16:28:36.634Z'}, 'ids': [47688524]}
2025-09-20 19:28:36,546 - machine_control - INFO - Received command payload
2025-09-20 19:28:36,546 - machine_control - INFO - New pending command: 10bea39d-2759-483e-8456-7ce7069450c4, type: set_parameter
2025-09-20 19:28:36,656 - machine_control - INFO - Command 10bea39d-2759-483e-8456-7ce7069450c4 already claimed or status changed
2025-09-20 19:28:36,735 - machine_control - INFO - Received insert event: {'data': {'table': 'recipe_commands', 'type': 'INSERT', 'record': {'created_at': '2025-09-20T16:28:36.725809+00:00', 'error_message': None, 'executed_at': None, 'id': '5c8376a1-f6c7-4d14-95fc-83f3c7199687', 'machine_id': 'e3e6e280-0794-459f-84d5-5e468f60746e', 'parameters': {'operator_id': '2be39d3b-08f6-488e-8c87-6e1ef2d93d86', 'recipe_id': '9521b206-0779-44c6-bf43-e210dca3e46f'}, 'recipe_step_id': None, 'status': 'pending', 'type': 'start_recipe', 'updated_at': '2025-09-20T16:28:36.725809+00:00'}, 'columns': [{'name': 'type', 'type': 'varchar'}, {'name': 'parameters', 'type': 'jsonb'}, {'name': 'status', 'type': 'varchar'}, {'name': 'created_at', 'type': 'timestamptz'}, {'name': 'updated_at', 'type': 'timestamptz'}, {'name': 'executed_at', 'type': 'timestamptz'}, {'name': 'error_message', 'type': 'text'}, {'name': 'machine_id', 'type': 'uuid'}, {'name': 'recipe_step_id', 'type': 'uuid'}, {'name': 'id', 'type': 'uuid'}], 'errors': None, 'schema': 'public', 'commit_timestamp': '2025-09-20T16:28:36.727Z'}, 'ids': [47688524]}
2025-09-20 19:28:36,735 - machine_control - INFO - Received command payload
2025-09-20 19:28:36,735 - machine_control - INFO - New pending command: 5c8376a1-f6c7-4d14-95fc-83f3c7199687, type: start_recipe
2025-09-20 19:28:36,828 - machine_control - INFO - Command 5c8376a1-f6c7-4d14-95fc-83f3c7199687 already claimed or status changed
2025-09-20 19:28:37,244 - machine_control - INFO - Checking for existing pending commands...
2025-09-20 19:28:37,335 - machine_control - INFO - No pending commands found
2025-09-20 19:28:42,337 - machine_control - INFO - Checking for existing pending commands...
2025-09-20 19:28:42,565 - machine_control - INFO - No pending commands found
2025-09-20 19:28:42,566 - machine_control - INFO - [Health Check] PLC: True, Realtime: True, Uptime: 1262s
2025-09-20 19:28:47,567 - machine_control - INFO - Checking for existing pending commands...
2025-09-20 19:28:47,753 - machine_control - INFO - No pending commands found
2025-09-20 19:28:52,754 - machine_control - INFO - Checking for existing pending commands...
2025-09-20 19:28:53,008 - machine_control - INFO - No pending commands found
2025-09-20 19:28:58,009 - machine_control - INFO - Checking for existing pending commands...
2025-09-20 19:28:58,268 - machine_control - INFO - No pending commands found
2025-09-20 19:28:58,269 - machine_control - INFO - [Health Check] PLC: True, Realtime: True, Uptime: 1278s
2025-09-20 19:29:03,270 - machine_control - INFO - Checking for existing pending commands...
2025-09-20 19:29:03,522 - machine_control - INFO - No pending commands found
2025-09-20 19:29:08,524 - machine_control - INFO - Checking for existing pending commands...
2025-09-20 19:29:08,817 - machine_control - INFO - No pending commands found
2025-09-20 19:29:13,819 - machine_control - INFO - Checking for existing pending commands...
2025-09-20 19:29:14,046 - machine_control - INFO - No pending commands found
2025-09-20 19:29:14,047 - machine_control - INFO - [Health Check] PLC: True, Realtime: True, Uptime: 1293s
2025-09-20 19:29:19,048 - machine_control - INFO - Checking for existing pending commands...
2025-09-20 19:29:19,296 - machine_control - INFO - No pending commands found
2025-09-20 19:29:24,297 - machine_control - INFO - Checking for existing pending commands...
2025-09-20 19:29:24,528 - machine_control - INFO - No pending commands found
2025-09-20 19:29:29,529 - machine_control - INFO - Checking for existing pending commands...
2025-09-20 19:29:29,804 - machine_control - INFO - No pending commands found
2025-09-20 19:29:29,805 - machine_control - INFO - [Health Check] PLC: True, Realtime: True, Uptime: 1309s
2025-09-20 19:29:34,806 - machine_control - INFO - Checking for existing pending commands...
2025-09-20 19:29:35,037 - machine_control - INFO - No pending commands found
2025-09-20 19:29:40,037 - machine_control - INFO - Checking for existing pending commands...
2025-09-20 19:29:40,277 - machine_control - INFO - No pending commands found
2025-09-20 19:29:45,279 - machine_control - INFO - Checking for existing pending commands...
2025-09-20 19:29:45,595 - machine_control - INFO - No pending commands found
2025-09-20 19:29:45,596 - machine_control - INFO - [Health Check] PLC: True, Realtime: True, Uptime: 1325s
2025-09-20 19:29:50,596 - machine_control - INFO - Checking for existing pending commands...
2025-09-20 19:29:50,710 - machine_control - INFO - No pending commands found
2025-09-20 19:29:55,712 - machine_control - INFO - Checking for existing pending commands...
2025-09-20 19:29:56,024 - machine_control - INFO - No pending commands found
2025-09-20 19:30:01,025 - machine_control - INFO - Checking for existing pending commands...
2025-09-20 19:30:01,281 - machine_control - INFO - No pending commands found
2025-09-20 19:30:01,281 - machine_control - INFO - [Health Check] PLC: True, Realtime: True, Uptime: 1341s
2025-09-20 19:30:06,282 - machine_control - INFO - Checking for existing pending commands...
2025-09-20 19:30:06,594 - machine_control - INFO - No pending commands found
2025-09-20 19:30:11,595 - machine_control - INFO - Checking for existing pending commands...
2025-09-20 19:30:11,838 - machine_control - INFO - No pending commands found
2025-09-20 19:30:13,804 - machine_control - INFO - Received insert event: {'data': {'table': 'recipe_commands', 'type': 'INSERT', 'record': {'created_at': '2025-09-20T16:30:13.838865+00:00', 'error_message': None, 'executed_at': None, 'id': '5c830ce4-7398-4bac-9ece-89f154310ccd', 'machine_id': 'e3e6e280-0794-459f-84d5-5e468f60746e', 'parameters': {'operator_id': '8bc3b9f6-9aee-471b-b230-4f5baf6b27dd', 'recipe_id': 'b31987ad-f299-4b13-a43c-2c89767e6034'}, 'recipe_step_id': None, 'status': 'pending', 'type': 'start_recipe', 'updated_at': '2025-09-20T16:30:13.838865+00:00'}, 'columns': [{'name': 'type', 'type': 'varchar'}, {'name': 'parameters', 'type': 'jsonb'}, {'name': 'status', 'type': 'varchar'}, {'name': 'created_at', 'type': 'timestamptz'}, {'name': 'updated_at', 'type': 'timestamptz'}, {'name': 'executed_at', 'type': 'timestamptz'}, {'name': 'error_message', 'type': 'text'}, {'name': 'machine_id', 'type': 'uuid'}, {'name': 'recipe_step_id', 'type': 'uuid'}, {'name': 'id', 'type': 'uuid'}], 'errors': None, 'schema': 'public', 'commit_timestamp': '2025-09-20T16:30:13.840Z'}, 'ids': [47688524]}
2025-09-20 19:30:13,804 - machine_control - INFO - Received command payload
2025-09-20 19:30:13,805 - machine_control - INFO - New pending command: 5c830ce4-7398-4bac-9ece-89f154310ccd, type: start_recipe
2025-09-20 19:30:13,943 - machine_control - INFO - Command 5c830ce4-7398-4bac-9ece-89f154310ccd already claimed or status changed
2025-09-20 19:30:16,839 - machine_control - INFO - Checking for existing pending commands...
2025-09-20 19:30:16,961 - machine_control - INFO - No pending commands found
2025-09-20 19:30:16,961 - machine_control - INFO - [Health Check] PLC: True, Realtime: True, Uptime: 1356s
2025-09-20 19:30:21,962 - machine_control - INFO - Checking for existing pending commands...
2025-09-20 19:30:22,223 - machine_control - INFO - No pending commands found
